[2019-06-15 20:25:31,370: INFO/MainProcess] Connected to redis://127.0.0.1:6379/0
[2019-06-15 20:25:31,379: INFO/MainProcess] mingle: searching for neighbors
[2019-06-15 20:25:32,397: INFO/MainProcess] mingle: all alone
[2019-06-15 20:25:32,406: INFO/MainProcess] celery@izj6cbvkrsww3sx7cla43lz ready.
[2019-06-15 20:29:20,073: INFO/MainProcess] Received task: djcelery_email_send[583daddb-01b4-47a0-bd7d-032d31192135]  
[2019-06-15 20:29:33,575: INFO/ForkPoolWorker-1] Task djcelery_email_send[583daddb-01b4-47a0-bd7d-032d31192135] succeeded in 13.499653709994163s: 1
[2019-06-16 11:30:28,425: INFO/MainProcess] Connected to redis://127.0.0.1:6379/0
[2019-06-16 11:30:28,438: INFO/MainProcess] mingle: searching for neighbors
[2019-06-16 11:30:29,454: INFO/MainProcess] mingle: all alone
[2019-06-16 11:30:29,462: INFO/MainProcess] celery@izj6cbvkrsww3sx7cla43lz ready.
[2019-06-16 11:32:57,874: INFO/MainProcess] Received task: djcelery_email_send[39141a0f-5001-429f-bef5-c2e6d31dccee]  
[2019-06-16 11:33:06,312: INFO/ForkPoolWorker-1] Task djcelery_email_send[39141a0f-5001-429f-bef5-c2e6d31dccee] succeeded in 8.435685003001709s: 1
[2019-06-16 17:39:01,391: INFO/MainProcess] Connected to redis://127.0.0.1:6379/0
[2019-06-16 17:39:01,400: INFO/MainProcess] mingle: searching for neighbors
[2019-06-16 17:39:02,416: INFO/MainProcess] mingle: all alone
[2019-06-16 17:39:02,422: INFO/MainProcess] celery@izj6cbvkrsww3sx7cla43lz ready.
[2019-06-16 18:13:52,359: INFO/MainProcess] Received task: djcelery_email_send[a6443d50-865c-4363-942d-5d25c7046996]  
[2019-06-16 18:13:54,538: INFO/ForkPoolWorker-1] Task djcelery_email_send[a6443d50-865c-4363-942d-5d25c7046996] succeeded in 2.177470484020887s: 1
[2019-06-16 18:28:57,968: INFO/MainProcess] Received task: djcelery_email_send[baf7e9b4-17d9-41df-914f-646e21a111a9]  
[2019-06-16 18:28:59,100: INFO/ForkPoolWorker-1] Task djcelery_email_send[baf7e9b4-17d9-41df-914f-646e21a111a9] succeeded in 1.1314879349956755s: 1
[2019-06-16 18:53:47,576: INFO/MainProcess] Received task: djcelery_email_send[eb06b6e7-bfd0-46fa-952f-d24243060d74]  
[2019-06-16 18:53:48,671: INFO/ForkPoolWorker-1] Task djcelery_email_send[eb06b6e7-bfd0-46fa-952f-d24243060d74] succeeded in 1.0945409129781183s: 1
[2019-06-16 19:01:36,614: INFO/MainProcess] Received task: djcelery_email_send[c5cf3406-6805-41f2-b747-91b5dcbb0ade]  
[2019-06-16 19:01:37,425: INFO/ForkPoolWorker-1] Task djcelery_email_send[c5cf3406-6805-41f2-b747-91b5dcbb0ade] succeeded in 0.80970900398097s: 1
[2019-06-16 19:12:22,285: INFO/MainProcess] Received task: djcelery_email_send[50610745-b013-4fea-8e20-c2d0f17aa79c]  
[2019-06-16 19:12:24,193: INFO/ForkPoolWorker-1] Task djcelery_email_send[50610745-b013-4fea-8e20-c2d0f17aa79c] succeeded in 1.9064943499979563s: 1
[2019-06-16 19:14:29,582: INFO/MainProcess] Received task: djcelery_email_send[c2d0a002-464d-4a22-8b5e-55702fe88227]  
[2019-06-16 19:14:31,651: INFO/ForkPoolWorker-1] Task djcelery_email_send[c2d0a002-464d-4a22-8b5e-55702fe88227] succeeded in 2.0686640779895242s: 1
[2019-06-16 19:18:45,426: INFO/MainProcess] Received task: djcelery_email_send[4cf93de6-044d-44f2-86e7-81c721681dae]  
[2019-06-16 19:18:46,190: INFO/ForkPoolWorker-1] Task djcelery_email_send[4cf93de6-044d-44f2-86e7-81c721681dae] succeeded in 0.7630301910103299s: 1
[2019-06-16 19:20:52,174: INFO/MainProcess] Received task: djcelery_email_send[96efdf82-ba88-4fa9-b08b-313893f69bdf]  
[2019-06-16 19:20:53,366: INFO/ForkPoolWorker-1] Task djcelery_email_send[96efdf82-ba88-4fa9-b08b-313893f69bdf] succeeded in 1.1909601140068844s: 1
[2019-06-16 19:23:02,394: INFO/MainProcess] Received task: djcelery_email_send[b7a196f4-8a0f-44b2-9771-b35f5f41ecb9]  
[2019-06-16 19:23:03,249: INFO/ForkPoolWorker-1] Task djcelery_email_send[b7a196f4-8a0f-44b2-9771-b35f5f41ecb9] succeeded in 0.8535958049760666s: 1
[2019-06-16 19:25:48,871: INFO/MainProcess] Received task: djcelery_email_send[fce405f4-9012-43ad-afc6-5ead7bd44de2]  
[2019-06-16 19:25:49,679: INFO/ForkPoolWorker-1] Task djcelery_email_send[fce405f4-9012-43ad-afc6-5ead7bd44de2] succeeded in 0.8069936810061336s: 1
[2019-06-16 21:34:46,535: INFO/MainProcess] Connected to redis://127.0.0.1:6379/0
[2019-06-16 21:34:46,544: INFO/MainProcess] mingle: searching for neighbors
[2019-06-16 21:34:47,561: INFO/MainProcess] mingle: all alone
[2019-06-16 21:34:47,570: INFO/MainProcess] celery@izj6cbvkrsww3sx7cla43lz ready.
[2019-06-16 21:36:24,384: INFO/MainProcess] Connected to redis://127.0.0.1:6379/0
[2019-06-16 21:36:24,393: INFO/MainProcess] mingle: searching for neighbors
[2019-06-16 21:36:25,408: INFO/MainProcess] mingle: all alone
[2019-06-16 21:36:25,418: INFO/MainProcess] celery@izj6cbvkrsww3sx7cla43lz ready.
[2019-06-18 22:15:18,730: INFO/MainProcess] Connected to redis://127.0.0.1:6379/0
[2019-06-18 22:15:18,745: INFO/MainProcess] mingle: searching for neighbors
[2019-06-18 22:15:19,764: INFO/MainProcess] mingle: all alone
[2019-06-18 22:15:19,818: INFO/MainProcess] celery@izj6cbvkrsww3sx7cla43lz ready.
[2019-06-19 22:12:53,268: INFO/MainProcess] Connected to redis://127.0.0.1:6379/0
[2019-06-19 22:12:53,278: INFO/MainProcess] mingle: searching for neighbors
[2019-06-19 22:12:54,295: INFO/MainProcess] mingle: all alone
[2019-06-19 22:12:54,303: INFO/MainProcess] celery@izj6cbvkrsww3sx7cla43lz ready.
[2019-06-20 21:30:39,479: INFO/MainProcess] Connected to redis://127.0.0.1:6379/0
[2019-06-20 21:30:39,490: INFO/MainProcess] mingle: searching for neighbors
[2019-06-20 21:30:40,510: INFO/MainProcess] mingle: all alone
[2019-06-20 21:30:40,519: INFO/MainProcess] celery@izj6cbvkrsww3sx7cla43lz ready.
[2019-06-20 22:41:08,121: INFO/MainProcess] Connected to redis://127.0.0.1:6379/0
[2019-06-20 22:41:08,133: INFO/MainProcess] mingle: searching for neighbors
[2019-06-20 22:41:09,184: INFO/MainProcess] mingle: all alone
[2019-06-20 22:41:09,192: INFO/MainProcess] celery@izj6cbvkrsww3sx7cla43lz ready.
[2019-06-21 21:20:10,462: INFO/MainProcess] Connected to redis://127.0.0.1:6379/0
[2019-06-21 21:20:10,471: INFO/MainProcess] mingle: searching for neighbors
[2019-06-21 21:20:11,488: INFO/MainProcess] mingle: all alone
[2019-06-21 21:20:11,496: INFO/MainProcess] celery@izj6cbvkrsww3sx7cla43lz ready.
[2019-06-21 22:00:36,032: INFO/MainProcess] Received task: djcelery_email_send[ef9fe77b-1f83-43a7-87c7-7a8b375bad2a]  
[2019-06-21 22:00:37,722: INFO/ForkPoolWorker-1] Task djcelery_email_send[ef9fe77b-1f83-43a7-87c7-7a8b375bad2a] succeeded in 1.687813507989631s: 1
